# JRE version: OpenJDK Runtime Environment (11.0.15) (build 11.0.15+0-b2043.56-9505619)
# Java VM: OpenJDK 64-Bit Server VM (11.0.15+0-b2043.56-9505619, mixed mode, tiered, compressed oops, g1 gc, windows-amd64)
Heap:
 garbage-first heap   total 262144K, used 124473K [0x0000000080000000, 0x0000000100000000)
  region size 1024K, 39 young (39936K), 12 survivors (12288K)
 Metaspace       used 56210K, capacity 57847K, committed 57980K, reserved 1099776K
  class space    used 7237K, capacity 7850K, committed 7884K, reserved 1048576K
GC Heap History (14 events):
Event: 0.565 GC heap before
{Heap before GC invocations=0 (full 0):
 garbage-first heap   total 262144K, used 30720K [0x0000000080000000, 0x0000000100000000)
  region size 1024K, 24 young (24576K), 0 survivors (0K)
 Metaspace       used 10238K, capacity 10467K, committed 10624K, reserved 1058816K
  class space    used 1048K, capacity 1106K, committed 1152K, reserved 1048576K
}
Event: 0.569 GC heap after
{Heap after GC invocations=1 (full 0):
 garbage-first heap   total 262144K, used 9378K [0x0000000080000000, 0x0000000100000000)
  region size 1024K, 3 young (3072K), 3 survivors (3072K)
 Metaspace       used 10238K, capacity 10467K, committed 10624K, reserved 1058816K
  class space    used 1048K, capacity 1106K, committed 1152K, reserved 1048576K
}
Event: 2.343 GC heap before
{Heap before GC invocations=1 (full 0):
 garbage-first heap   total 262144K, used 103586K [0x0000000080000000, 0x0000000100000000)
  region size 1024K, 96 young (98304K), 3 survivors (3072K)
 Metaspace       used 20707K, capacity 21166K, committed 21296K, reserved 1069056K
  class space    used 2511K, capacity 2665K, committed 2688K, reserved 1048576K
}
Event: 2.354 GC heap after
{Heap after GC invocations=2 (full 0):
 garbage-first heap   total 262144K, used 16951K [0x0000000080000000, 0x0000000100000000)
  region size 1024K, 11 young (11264K), 11 survivors (11264K)
 Metaspace       used 20707K, capacity 21166K, committed 21296K, reserved 1069056K
  class space    used 2511K, capacity 2665K, committed 2688K, reserved 1048576K
}
Event: 2.742 GC heap before
{Heap before GC invocations=3 (full 0):
 garbage-first heap   total 262144K, used 50743K [0x0000000080000000, 0x0000000100000000)
  region size 1024K, 45 young (46080K), 11 survivors (11264K)
 Metaspace       used 24488K, capacity 25071K, committed 25340K, reserved 1071104K
  class space    used 3069K, capacity 3268K, committed 3404K, reserved 1048576K
}
Event: 2.747 GC heap after
{Heap after GC invocations=4 (full 0):
 garbage-first heap   total 262144K, used 18411K [0x0000000080000000, 0x0000000100000000)
  region size 1024K, 2 young (2048K), 2 survivors (2048K)
 Metaspace       used 24488K, capacity 25071K, committed 25340K, reserved 1071104K
  class space    used 3069K, capacity 3268K, committed 3404K, reserved 1048576K
}
Event: 4.087 GC heap before
{Heap before GC invocations=4 (full 0):
 garbage-first heap   total 262144K, used 146411K [0x0000000080000000, 0x0000000100000000)
  region size 1024K, 101 young (103424K), 2 survivors (2048K)
 Metaspace       used 34845K, capacity 35837K, committed 35964K, reserved 1081344K
  class space    used 4597K, capacity 4963K, committed 5068K, reserved 1048576K
}
Event: 4.096 GC heap after
{Heap after GC invocations=5 (full 0):
 garbage-first heap   total 262144K, used 53327K [0x0000000080000000, 0x0000000100000000)
  region size 1024K, 9 young (9216K), 9 survivors (9216K)
 Metaspace       used 34845K, capacity 35837K, committed 35964K, reserved 1081344K
  class space    used 4597K, capacity 4963K, committed 5068K, reserved 1048576K
}
Event: 5.334 GC heap before
{Heap before GC invocations=6 (full 0):
 garbage-first heap   total 262144K, used 171087K [0x0000000080000000, 0x0000000100000000)
  region size 1024K, 122 young (124928K), 9 survivors (9216K)
 Metaspace       used 46868K, capacity 48074K, committed 48252K, reserved 1091584K
  class space    used 6072K, capacity 6503K, committed 6604K, reserved 1048576K
}
Event: 5.344 GC heap after
{Heap after GC invocations=7 (full 0):
 garbage-first heap   total 262144K, used 61492K [0x0000000080000000, 0x0000000100000000)
  region size 1024K, 16 young (16384K), 16 survivors (16384K)
 Metaspace       used 46868K, capacity 48074K, committed 48252K, reserved 1091584K
  class space    used 6072K, capacity 6503K, committed 6604K, reserved 1048576K
}
Event: 6.016 GC heap before
{Heap before GC invocations=7 (full 0):
 garbage-first heap   total 262144K, used 199732K [0x0000000080000000, 0x0000000100000000)
  region size 1024K, 132 young (135168K), 16 survivors (16384K)
 Metaspace       used 49440K, capacity 50780K, committed 50812K, reserved 1093632K
  class space    used 6337K, capacity 6843K, committed 6860K, reserved 1048576K
}
Event: 6.028 GC heap after
{Heap after GC invocations=8 (full 0):
 garbage-first heap   total 262144K, used 86685K [0x0000000080000000, 0x0000000100000000)
  region size 1024K, 13 young (13312K), 13 survivors (13312K)
 Metaspace       used 49440K, capacity 50780K, committed 50812K, reserved 1093632K
  class space    used 6337K, capacity 6843K, committed 6860K, reserved 1048576K
}
Event: 6.881 GC heap before
{Heap before GC invocations=8 (full 0):
 garbage-first heap   total 262144K, used 205469K [0x0000000080000000, 0x0000000100000000)
  region size 1024K, 124 young (126976K), 13 survivors (13312K)
 Metaspace       used 54848K, capacity 56459K, committed 56828K, reserved 1097728K
  class space    used 7032K, capacity 7642K, committed 7756K, reserved 1048576K
}
Event: 6.890 GC heap after
{Heap after GC invocations=9 (full 0):
 garbage-first heap   total 262144K, used 97849K [0x0000000080000000, 0x0000000100000000)
  region size 1024K, 12 young (12288K), 12 survivors (12288K)
 Metaspace       used 54848K, capacity 56459K, committed 56828K, reserved 1097728K
  class space    used 7032K, capacity 7642K, committed 7756K, reserved 1048576K
}

